<?xml version="1.0" encoding="UTF-8"?>
<testsuite xmlns:xsi="http://www.w3.org/2001/XMLSchema-instance" xsi:noNamespaceSchemaLocation="https://maven.apache.org/surefire/maven-surefire-plugin/xsd/surefire-test-report.xsd" name="priv.ljh.OpenManageSystemApplicationTests" time="8.233" tests="1" errors="0" skipped="0" failures="0">
  <properties>
    <property name="sun.desktop" value="windows"/>
    <property name="awt.toolkit" value="sun.awt.windows.WToolkit"/>
    <property name="file.encoding.pkg" value="sun.io"/>
    <property name="java.specification.version" value="1.8"/>
    <property name="sun.cpu.isalist" value="amd64"/>
    <property name="sun.jnu.encoding" value="GBK"/>
    <property name="java.class.path" value="D:\Desktop\实训20210603\code\black\OpenManageSystem\target\test-classes;D:\Desktop\实训20210603\code\black\OpenManageSystem\target\classes;D:\maven\repository\org\mybatis\spring\boot\mybatis-spring-boot-starter\2.1.4\mybatis-spring-boot-starter-2.1.4.jar;D:\maven\repository\org\springframework\boot\spring-boot-starter\2.4.2\spring-boot-starter-2.4.2.jar;D:\maven\repository\org\springframework\boot\spring-boot\2.4.2\spring-boot-2.4.2.jar;D:\maven\repository\org\springframework\boot\spring-boot-autoconfigure\2.4.2\spring-boot-autoconfigure-2.4.2.jar;D:\maven\repository\org\springframework\boot\spring-boot-starter-logging\2.4.2\spring-boot-starter-logging-2.4.2.jar;D:\maven\repository\ch\qos\logback\logback-classic\1.2.3\logback-classic-1.2.3.jar;D:\maven\repository\ch\qos\logback\logback-core\1.2.3\logback-core-1.2.3.jar;D:\maven\repository\org\apache\logging\log4j\log4j-to-slf4j\2.13.3\log4j-to-slf4j-2.13.3.jar;D:\maven\repository\org\apache\logging\log4j\log4j-api\2.13.3\log4j-api-2.13.3.jar;D:\maven\repository\org\slf4j\jul-to-slf4j\1.7.30\jul-to-slf4j-1.7.30.jar;D:\maven\repository\jakarta\annotation\jakarta.annotation-api\1.3.5\jakarta.annotation-api-1.3.5.jar;D:\maven\repository\org\yaml\snakeyaml\1.27\snakeyaml-1.27.jar;D:\maven\repository\org\mybatis\spring\boot\mybatis-spring-boot-autoconfigure\2.1.4\mybatis-spring-boot-autoconfigure-2.1.4.jar;D:\maven\repository\org\mybatis\mybatis\3.5.6\mybatis-3.5.6.jar;D:\maven\repository\org\mybatis\mybatis-spring\2.0.6\mybatis-spring-2.0.6.jar;D:\maven\repository\org\springframework\boot\spring-boot-starter-web\2.4.2\spring-boot-starter-web-2.4.2.jar;D:\maven\repository\org\springframework\boot\spring-boot-starter-json\2.4.2\spring-boot-starter-json-2.4.2.jar;D:\maven\repository\com\fasterxml\jackson\core\jackson-databind\2.11.4\jackson-databind-2.11.4.jar;D:\maven\repository\com\fasterxml\jackson\core\jackson-core\2.11.4\jackson-core-2.11.4.jar;D:\maven\repository\com\fasterxml\jackson\datatype\jackson-datatype-jdk8\2.11.4\jackson-datatype-jdk8-2.11.4.jar;D:\maven\repository\com\fasterxml\jackson\datatype\jackson-datatype-jsr310\2.11.4\jackson-datatype-jsr310-2.11.4.jar;D:\maven\repository\com\fasterxml\jackson\module\jackson-module-parameter-names\2.11.4\jackson-module-parameter-names-2.11.4.jar;D:\maven\repository\org\springframework\boot\spring-boot-starter-tomcat\2.4.2\spring-boot-starter-tomcat-2.4.2.jar;D:\maven\repository\org\apache\tomcat\embed\tomcat-embed-core\9.0.41\tomcat-embed-core-9.0.41.jar;D:\maven\repository\org\glassfish\jakarta.el\3.0.3\jakarta.el-3.0.3.jar;D:\maven\repository\org\apache\tomcat\embed\tomcat-embed-websocket\9.0.41\tomcat-embed-websocket-9.0.41.jar;D:\maven\repository\org\springframework\spring-web\5.3.3\spring-web-5.3.3.jar;D:\maven\repository\org\springframework\spring-beans\5.3.3\spring-beans-5.3.3.jar;D:\maven\repository\org\springframework\spring-webmvc\5.3.3\spring-webmvc-5.3.3.jar;D:\maven\repository\org\springframework\spring-aop\5.3.3\spring-aop-5.3.3.jar;D:\maven\repository\org\springframework\spring-context\5.3.3\spring-context-5.3.3.jar;D:\maven\repository\org\springframework\spring-expression\5.3.3\spring-expression-5.3.3.jar;D:\maven\repository\org\springframework\boot\spring-boot-starter-jdbc\2.4.2\spring-boot-starter-jdbc-2.4.2.jar;D:\maven\repository\com\zaxxer\HikariCP\3.4.5\HikariCP-3.4.5.jar;D:\maven\repository\org\springframework\spring-jdbc\5.3.3\spring-jdbc-5.3.3.jar;D:\maven\repository\org\springframework\spring-tx\5.3.3\spring-tx-5.3.3.jar;D:\maven\repository\mysql\mysql-connector-java\8.0.22\mysql-connector-java-8.0.22.jar;D:\maven\repository\org\springframework\boot\spring-boot-starter-test\2.4.2\spring-boot-starter-test-2.4.2.jar;D:\maven\repository\org\springframework\boot\spring-boot-test\2.4.2\spring-boot-test-2.4.2.jar;D:\maven\repository\org\springframework\boot\spring-boot-test-autoconfigure\2.4.2\spring-boot-test-autoconfigure-2.4.2.jar;D:\maven\repository\com\jayway\jsonpath\json-path\2.4.0\json-path-2.4.0.jar;D:\maven\repository\net\minidev\json-smart\2.3\json-smart-2.3.jar;D:\maven\repository\net\minidev\accessors-smart\1.2\accessors-smart-1.2.jar;D:\maven\repository\org\ow2\asm\asm\5.0.4\asm-5.0.4.jar;D:\maven\repository\jakarta\xml\bind\jakarta.xml.bind-api\2.3.3\jakarta.xml.bind-api-2.3.3.jar;D:\maven\repository\jakarta\activation\jakarta.activation-api\1.2.2\jakarta.activation-api-1.2.2.jar;D:\maven\repository\org\assertj\assertj-core\3.18.1\assertj-core-3.18.1.jar;D:\maven\repository\org\hamcrest\hamcrest\2.2\hamcrest-2.2.jar;D:\maven\repository\org\junit\jupiter\junit-jupiter\5.7.0\junit-jupiter-5.7.0.jar;D:\maven\repository\org\junit\jupiter\junit-jupiter-api\5.7.0\junit-jupiter-api-5.7.0.jar;D:\maven\repository\org\apiguardian\apiguardian-api\1.1.0\apiguardian-api-1.1.0.jar;D:\maven\repository\org\opentest4j\opentest4j\1.2.0\opentest4j-1.2.0.jar;D:\maven\repository\org\junit\platform\junit-platform-commons\1.7.0\junit-platform-commons-1.7.0.jar;D:\maven\repository\org\junit\jupiter\junit-jupiter-params\5.7.0\junit-jupiter-params-5.7.0.jar;D:\maven\repository\org\junit\jupiter\junit-jupiter-engine\5.7.0\junit-jupiter-engine-5.7.0.jar;D:\maven\repository\org\junit\platform\junit-platform-engine\1.7.0\junit-platform-engine-1.7.0.jar;D:\maven\repository\org\mockito\mockito-core\3.6.28\mockito-core-3.6.28.jar;D:\maven\repository\net\bytebuddy\byte-buddy\1.10.19\byte-buddy-1.10.19.jar;D:\maven\repository\net\bytebuddy\byte-buddy-agent\1.10.19\byte-buddy-agent-1.10.19.jar;D:\maven\repository\org\objenesis\objenesis\3.1\objenesis-3.1.jar;D:\maven\repository\org\mockito\mockito-junit-jupiter\3.6.28\mockito-junit-jupiter-3.6.28.jar;D:\maven\repository\org\skyscreamer\jsonassert\1.5.0\jsonassert-1.5.0.jar;D:\maven\repository\com\vaadin\external\google\android-json\0.0.20131108.vaadin1\android-json-0.0.20131108.vaadin1.jar;D:\maven\repository\org\springframework\spring-core\5.3.3\spring-core-5.3.3.jar;D:\maven\repository\org\springframework\spring-jcl\5.3.3\spring-jcl-5.3.3.jar;D:\maven\repository\org\springframework\spring-test\5.3.3\spring-test-5.3.3.jar;D:\maven\repository\org\xmlunit\xmlunit-core\2.7.0\xmlunit-core-2.7.0.jar;D:\maven\repository\io\springfox\springfox-swagger2\2.9.2\springfox-swagger2-2.9.2.jar;D:\maven\repository\io\springfox\springfox-spi\2.9.2\springfox-spi-2.9.2.jar;D:\maven\repository\io\springfox\springfox-core\2.9.2\springfox-core-2.9.2.jar;D:\maven\repository\io\springfox\springfox-schema\2.9.2\springfox-schema-2.9.2.jar;D:\maven\repository\io\springfox\springfox-swagger-common\2.9.2\springfox-swagger-common-2.9.2.jar;D:\maven\repository\io\springfox\springfox-spring-web\2.9.2\springfox-spring-web-2.9.2.jar;D:\maven\repository\com\google\guava\guava\20.0\guava-20.0.jar;D:\maven\repository\com\fasterxml\classmate\1.5.1\classmate-1.5.1.jar;D:\maven\repository\org\slf4j\slf4j-api\1.7.30\slf4j-api-1.7.30.jar;D:\maven\repository\org\springframework\plugin\spring-plugin-core\1.2.0.RELEASE\spring-plugin-core-1.2.0.RELEASE.jar;D:\maven\repository\org\springframework\plugin\spring-plugin-metadata\1.2.0.RELEASE\spring-plugin-metadata-1.2.0.RELEASE.jar;D:\maven\repository\org\mapstruct\mapstruct\1.2.0.Final\mapstruct-1.2.0.Final.jar;D:\maven\repository\io\springfox\springfox-swagger-ui\2.9.2\springfox-swagger-ui-2.9.2.jar;D:\maven\repository\com\alibaba\druid\1.2.4\druid-1.2.4.jar;D:\maven\repository\log4j\log4j\1.2.17\log4j-1.2.17.jar;D:\maven\repository\com\github\xiaoymin\swagger-bootstrap-ui\1.9.6\swagger-bootstrap-ui-1.9.6.jar;D:\maven\repository\org\javassist\javassist\3.25.0-GA\javassist-3.25.0-GA.jar;D:\maven\repository\io\swagger\swagger-models\1.5.21\swagger-models-1.5.21.jar;D:\maven\repository\com\fasterxml\jackson\core\jackson-annotations\2.11.4\jackson-annotations-2.11.4.jar;D:\maven\repository\io\swagger\swagger-annotations\1.5.20\swagger-annotations-1.5.20.jar;D:\maven\repository\org\projectlombok\lombok\1.18.16\lombok-1.18.16.jar;D:\maven\repository\com\baomidou\mybatis-plus-annotation\3.3.2\mybatis-plus-annotation-3.3.2.jar;D:\maven\repository\com\baomidou\mybatis-plus-extension\3.3.2\mybatis-plus-extension-3.3.2.jar;D:\maven\repository\com\baomidou\mybatis-plus-core\3.3.2\mybatis-plus-core-3.3.2.jar;D:\maven\repository\com\github\jsqlparser\jsqlparser\3.1\jsqlparser-3.1.jar;D:\maven\repository\cn\hutool\hutool-all\5.5.4\hutool-all-5.5.4.jar;"/>
    <property name="java.vm.vendor" value="Oracle Corporation"/>
    <property name="sun.arch.data.model" value="64"/>
    <property name="user.variant" value=""/>
    <property name="java.vendor.url" value="http://java.oracle.com/"/>
    <property name="user.timezone" value="Asia/Shanghai"/>
    <property name="java.vm.specification.version" value="1.8"/>
    <property name="os.name" value="Windows 10"/>
    <property name="user.country" value="CN"/>
    <property name="sun.java.launcher" value="SUN_STANDARD"/>
    <property name="sun.boot.library.path" value="C:\Program Files\Java\jdk1.8.0_181\jre\bin"/>
    <property name="sun.java.command" value="C:\Users\Dorian\AppData\Local\Temp\surefire2572750850493425256\surefirebooter3921946814609524003.jar C:\Users\Dorian\AppData\Local\Temp\surefire2572750850493425256 2021-06-04T16-49-26_309-jvmRun1 surefire2331125639472434683tmp surefire_03344989600243451271tmp"/>
    <property name="surefire.test.class.path" value="D:\Desktop\实训20210603\code\black\OpenManageSystem\target\test-classes;D:\Desktop\实训20210603\code\black\OpenManageSystem\target\classes;D:\maven\repository\org\mybatis\spring\boot\mybatis-spring-boot-starter\2.1.4\mybatis-spring-boot-starter-2.1.4.jar;D:\maven\repository\org\springframework\boot\spring-boot-starter\2.4.2\spring-boot-starter-2.4.2.jar;D:\maven\repository\org\springframework\boot\spring-boot\2.4.2\spring-boot-2.4.2.jar;D:\maven\repository\org\springframework\boot\spring-boot-autoconfigure\2.4.2\spring-boot-autoconfigure-2.4.2.jar;D:\maven\repository\org\springframework\boot\spring-boot-starter-logging\2.4.2\spring-boot-starter-logging-2.4.2.jar;D:\maven\repository\ch\qos\logback\logback-classic\1.2.3\logback-classic-1.2.3.jar;D:\maven\repository\ch\qos\logback\logback-core\1.2.3\logback-core-1.2.3.jar;D:\maven\repository\org\apache\logging\log4j\log4j-to-slf4j\2.13.3\log4j-to-slf4j-2.13.3.jar;D:\maven\repository\org\apache\logging\log4j\log4j-api\2.13.3\log4j-api-2.13.3.jar;D:\maven\repository\org\slf4j\jul-to-slf4j\1.7.30\jul-to-slf4j-1.7.30.jar;D:\maven\repository\jakarta\annotation\jakarta.annotation-api\1.3.5\jakarta.annotation-api-1.3.5.jar;D:\maven\repository\org\yaml\snakeyaml\1.27\snakeyaml-1.27.jar;D:\maven\repository\org\mybatis\spring\boot\mybatis-spring-boot-autoconfigure\2.1.4\mybatis-spring-boot-autoconfigure-2.1.4.jar;D:\maven\repository\org\mybatis\mybatis\3.5.6\mybatis-3.5.6.jar;D:\maven\repository\org\mybatis\mybatis-spring\2.0.6\mybatis-spring-2.0.6.jar;D:\maven\repository\org\springframework\boot\spring-boot-starter-web\2.4.2\spring-boot-starter-web-2.4.2.jar;D:\maven\repository\org\springframework\boot\spring-boot-starter-json\2.4.2\spring-boot-starter-json-2.4.2.jar;D:\maven\repository\com\fasterxml\jackson\core\jackson-databind\2.11.4\jackson-databind-2.11.4.jar;D:\maven\repository\com\fasterxml\jackson\core\jackson-core\2.11.4\jackson-core-2.11.4.jar;D:\maven\repository\com\fasterxml\jackson\datatype\jackson-datatype-jdk8\2.11.4\jackson-datatype-jdk8-2.11.4.jar;D:\maven\repository\com\fasterxml\jackson\datatype\jackson-datatype-jsr310\2.11.4\jackson-datatype-jsr310-2.11.4.jar;D:\maven\repository\com\fasterxml\jackson\module\jackson-module-parameter-names\2.11.4\jackson-module-parameter-names-2.11.4.jar;D:\maven\repository\org\springframework\boot\spring-boot-starter-tomcat\2.4.2\spring-boot-starter-tomcat-2.4.2.jar;D:\maven\repository\org\apache\tomcat\embed\tomcat-embed-core\9.0.41\tomcat-embed-core-9.0.41.jar;D:\maven\repository\org\glassfish\jakarta.el\3.0.3\jakarta.el-3.0.3.jar;D:\maven\repository\org\apache\tomcat\embed\tomcat-embed-websocket\9.0.41\tomcat-embed-websocket-9.0.41.jar;D:\maven\repository\org\springframework\spring-web\5.3.3\spring-web-5.3.3.jar;D:\maven\repository\org\springframework\spring-beans\5.3.3\spring-beans-5.3.3.jar;D:\maven\repository\org\springframework\spring-webmvc\5.3.3\spring-webmvc-5.3.3.jar;D:\maven\repository\org\springframework\spring-aop\5.3.3\spring-aop-5.3.3.jar;D:\maven\repository\org\springframework\spring-context\5.3.3\spring-context-5.3.3.jar;D:\maven\repository\org\springframework\spring-expression\5.3.3\spring-expression-5.3.3.jar;D:\maven\repository\org\springframework\boot\spring-boot-starter-jdbc\2.4.2\spring-boot-starter-jdbc-2.4.2.jar;D:\maven\repository\com\zaxxer\HikariCP\3.4.5\HikariCP-3.4.5.jar;D:\maven\repository\org\springframework\spring-jdbc\5.3.3\spring-jdbc-5.3.3.jar;D:\maven\repository\org\springframework\spring-tx\5.3.3\spring-tx-5.3.3.jar;D:\maven\repository\mysql\mysql-connector-java\8.0.22\mysql-connector-java-8.0.22.jar;D:\maven\repository\org\springframework\boot\spring-boot-starter-test\2.4.2\spring-boot-starter-test-2.4.2.jar;D:\maven\repository\org\springframework\boot\spring-boot-test\2.4.2\spring-boot-test-2.4.2.jar;D:\maven\repository\org\springframework\boot\spring-boot-test-autoconfigure\2.4.2\spring-boot-test-autoconfigure-2.4.2.jar;D:\maven\repository\com\jayway\jsonpath\json-path\2.4.0\json-path-2.4.0.jar;D:\maven\repository\net\minidev\json-smart\2.3\json-smart-2.3.jar;D:\maven\repository\net\minidev\accessors-smart\1.2\accessors-smart-1.2.jar;D:\maven\repository\org\ow2\asm\asm\5.0.4\asm-5.0.4.jar;D:\maven\repository\jakarta\xml\bind\jakarta.xml.bind-api\2.3.3\jakarta.xml.bind-api-2.3.3.jar;D:\maven\repository\jakarta\activation\jakarta.activation-api\1.2.2\jakarta.activation-api-1.2.2.jar;D:\maven\repository\org\assertj\assertj-core\3.18.1\assertj-core-3.18.1.jar;D:\maven\repository\org\hamcrest\hamcrest\2.2\hamcrest-2.2.jar;D:\maven\repository\org\junit\jupiter\junit-jupiter\5.7.0\junit-jupiter-5.7.0.jar;D:\maven\repository\org\junit\jupiter\junit-jupiter-api\5.7.0\junit-jupiter-api-5.7.0.jar;D:\maven\repository\org\apiguardian\apiguardian-api\1.1.0\apiguardian-api-1.1.0.jar;D:\maven\repository\org\opentest4j\opentest4j\1.2.0\opentest4j-1.2.0.jar;D:\maven\repository\org\junit\platform\junit-platform-commons\1.7.0\junit-platform-commons-1.7.0.jar;D:\maven\repository\org\junit\jupiter\junit-jupiter-params\5.7.0\junit-jupiter-params-5.7.0.jar;D:\maven\repository\org\junit\jupiter\junit-jupiter-engine\5.7.0\junit-jupiter-engine-5.7.0.jar;D:\maven\repository\org\junit\platform\junit-platform-engine\1.7.0\junit-platform-engine-1.7.0.jar;D:\maven\repository\org\mockito\mockito-core\3.6.28\mockito-core-3.6.28.jar;D:\maven\repository\net\bytebuddy\byte-buddy\1.10.19\byte-buddy-1.10.19.jar;D:\maven\repository\net\bytebuddy\byte-buddy-agent\1.10.19\byte-buddy-agent-1.10.19.jar;D:\maven\repository\org\objenesis\objenesis\3.1\objenesis-3.1.jar;D:\maven\repository\org\mockito\mockito-junit-jupiter\3.6.28\mockito-junit-jupiter-3.6.28.jar;D:\maven\repository\org\skyscreamer\jsonassert\1.5.0\jsonassert-1.5.0.jar;D:\maven\repository\com\vaadin\external\google\android-json\0.0.20131108.vaadin1\android-json-0.0.20131108.vaadin1.jar;D:\maven\repository\org\springframework\spring-core\5.3.3\spring-core-5.3.3.jar;D:\maven\repository\org\springframework\spring-jcl\5.3.3\spring-jcl-5.3.3.jar;D:\maven\repository\org\springframework\spring-test\5.3.3\spring-test-5.3.3.jar;D:\maven\repository\org\xmlunit\xmlunit-core\2.7.0\xmlunit-core-2.7.0.jar;D:\maven\repository\io\springfox\springfox-swagger2\2.9.2\springfox-swagger2-2.9.2.jar;D:\maven\repository\io\springfox\springfox-spi\2.9.2\springfox-spi-2.9.2.jar;D:\maven\repository\io\springfox\springfox-core\2.9.2\springfox-core-2.9.2.jar;D:\maven\repository\io\springfox\springfox-schema\2.9.2\springfox-schema-2.9.2.jar;D:\maven\repository\io\springfox\springfox-swagger-common\2.9.2\springfox-swagger-common-2.9.2.jar;D:\maven\repository\io\springfox\springfox-spring-web\2.9.2\springfox-spring-web-2.9.2.jar;D:\maven\repository\com\google\guava\guava\20.0\guava-20.0.jar;D:\maven\repository\com\fasterxml\classmate\1.5.1\classmate-1.5.1.jar;D:\maven\repository\org\slf4j\slf4j-api\1.7.30\slf4j-api-1.7.30.jar;D:\maven\repository\org\springframework\plugin\spring-plugin-core\1.2.0.RELEASE\spring-plugin-core-1.2.0.RELEASE.jar;D:\maven\repository\org\springframework\plugin\spring-plugin-metadata\1.2.0.RELEASE\spring-plugin-metadata-1.2.0.RELEASE.jar;D:\maven\repository\org\mapstruct\mapstruct\1.2.0.Final\mapstruct-1.2.0.Final.jar;D:\maven\repository\io\springfox\springfox-swagger-ui\2.9.2\springfox-swagger-ui-2.9.2.jar;D:\maven\repository\com\alibaba\druid\1.2.4\druid-1.2.4.jar;D:\maven\repository\log4j\log4j\1.2.17\log4j-1.2.17.jar;D:\maven\repository\com\github\xiaoymin\swagger-bootstrap-ui\1.9.6\swagger-bootstrap-ui-1.9.6.jar;D:\maven\repository\org\javassist\javassist\3.25.0-GA\javassist-3.25.0-GA.jar;D:\maven\repository\io\swagger\swagger-models\1.5.21\swagger-models-1.5.21.jar;D:\maven\repository\com\fasterxml\jackson\core\jackson-annotations\2.11.4\jackson-annotations-2.11.4.jar;D:\maven\repository\io\swagger\swagger-annotations\1.5.20\swagger-annotations-1.5.20.jar;D:\maven\repository\org\projectlombok\lombok\1.18.16\lombok-1.18.16.jar;D:\maven\repository\com\baomidou\mybatis-plus-annotation\3.3.2\mybatis-plus-annotation-3.3.2.jar;D:\maven\repository\com\baomidou\mybatis-plus-extension\3.3.2\mybatis-plus-extension-3.3.2.jar;D:\maven\repository\com\baomidou\mybatis-plus-core\3.3.2\mybatis-plus-core-3.3.2.jar;D:\maven\repository\com\github\jsqlparser\jsqlparser\3.1\jsqlparser-3.1.jar;D:\maven\repository\cn\hutool\hutool-all\5.5.4\hutool-all-5.5.4.jar;"/>
    <property name="sun.cpu.endian" value="little"/>
    <property name="user.home" value="C:\Users\Dorian"/>
    <property name="user.language" value="zh"/>
    <property name="java.specification.vendor" value="Oracle Corporation"/>
    <property name="java.home" value="C:\Program Files\Java\jdk1.8.0_181\jre"/>
    <property name="basedir" value="D:\Desktop\实训20210603\code\black\OpenManageSystem"/>
    <property name="file.separator" value="\"/>
    <property name="line.separator" value="&#10;"/>
    <property name="java.vm.specification.vendor" value="Oracle Corporation"/>
    <property name="java.specification.name" value="Java Platform API Specification"/>
    <property name="java.awt.graphicsenv" value="sun.awt.Win32GraphicsEnvironment"/>
    <property name="surefire.real.class.path" value="C:\Users\Dorian\AppData\Local\Temp\surefire2572750850493425256\surefirebooter3921946814609524003.jar"/>
    <property name="sun.boot.class.path" value="C:\Program Files\Java\jdk1.8.0_181\jre\lib\resources.jar;C:\Program Files\Java\jdk1.8.0_181\jre\lib\rt.jar;C:\Program Files\Java\jdk1.8.0_181\jre\lib\sunrsasign.jar;C:\Program Files\Java\jdk1.8.0_181\jre\lib\jsse.jar;C:\Program Files\Java\jdk1.8.0_181\jre\lib\jce.jar;C:\Program Files\Java\jdk1.8.0_181\jre\lib\charsets.jar;C:\Program Files\Java\jdk1.8.0_181\jre\lib\jfr.jar;C:\Program Files\Java\jdk1.8.0_181\jre\classes"/>
    <property name="user.script" value=""/>
    <property name="sun.management.compiler" value="HotSpot 64-Bit Tiered Compilers"/>
    <property name="java.runtime.version" value="1.8.0_181-b13"/>
    <property name="user.name" value="Dorian"/>
    <property name="path.separator" value=";"/>
    <property name="os.version" value="10.0"/>
    <property name="java.endorsed.dirs" value="C:\Program Files\Java\jdk1.8.0_181\jre\lib\endorsed"/>
    <property name="java.runtime.name" value="Java(TM) SE Runtime Environment"/>
    <property name="file.encoding" value="GBK"/>
    <property name="java.vm.name" value="Java HotSpot(TM) 64-Bit Server VM"/>
    <property name="localRepository" value="D:\maven\repository"/>
    <property name="java.vendor.url.bug" value="http://bugreport.sun.com/bugreport/"/>
    <property name="java.io.tmpdir" value="C:\Users\Dorian\AppData\Local\Temp\"/>
    <property name="idea.version" value="2021.1.2"/>
    <property name="java.version" value="1.8.0_181"/>
    <property name="user.dir" value="D:\Desktop\实训20210603\code\black\OpenManageSystem"/>
    <property name="os.arch" value="amd64"/>
    <property name="java.vm.specification.name" value="Java Virtual Machine Specification"/>
    <property name="java.awt.printerjob" value="sun.awt.windows.WPrinterJob"/>
    <property name="sun.os.patch.level" value=""/>
    <property name="java.library.path" value="C:\Program Files\Java\jdk1.8.0_181\jre\bin;C:\WINDOWS\Sun\Java\bin;C:\WINDOWS\system32;C:\WINDOWS;D:\Vmware\VMware 16.0.0\soft\bin\;C:\Program Files\Common Files\Oracle\Java\javapath;C:\Program Files (x86)\Common Files\Oracle\Java\javapath;C:\Program Files (x86)\MySQL\MySQL Server 5.7\bin;C:\WINDOWS\system32;C:\WINDOWS;C:\WINDOWS\System32\Wbem;C:\WINDOWS\System32\WindowsPowerShell\v1.0\;C:\WINDOWS\System32\OpenSSH\;C:\Program Files\Java\jdk1.8.0_181\bin;D:\maven\apache-maven-3.6.3\bin;D:\Tomcat\apache-tomcat-9.0.37\bin\;C:\Program Files\TortoiseSVN\bin;D:\Node\node\;D:\chromedriver;D:\Git\Git\cmd;D:\CLanguage\MinGW\soft\bin;C:\Program Files (x86)\Intel\Intel(R) Management Engine Components\DAL;C:\Program Files\Intel\Intel(R) Management Engine Components\DAL;D:\Vmware\Xshell\soft\;D:\Vmware\Xftp\soft\;D:\gradle-7.0-all\gradle-7.0\bin;C:\Users\Dorian\AppData\Local\Microsoft\WindowsApps;C:\Users\Dorian\AppData\Roaming\npm;D:\Node\node\node_global;D:\Visual Studio Code\soft\Microsoft VS Code\bin;C:\Users\Dorian\AppData\Local\Postman\bin;C:\Users\Dorian\AppData\Local\GitHubDesktop\bin;."/>
    <property name="java.vm.info" value="mixed mode"/>
    <property name="java.vendor" value="Oracle Corporation"/>
    <property name="java.vm.version" value="25.181-b13"/>
    <property name="java.ext.dirs" value="C:\Program Files\Java\jdk1.8.0_181\jre\lib\ext;C:\WINDOWS\Sun\Java\lib\ext"/>
    <property name="sun.io.unicode.encoding" value="UnicodeLittle"/>
    <property name="maven.repo.local" value="D:\maven\repository"/>
    <property name="java.class.version" value="52.0"/>
  </properties>
  <testcase name="findAll" classname="priv.ljh.OpenManageSystemApplicationTests" time="0.545"/>
</testsuite>